0 info it worked if it ends with ok
1 verbose cli [ 'C:\\Program Files\\nodejs\\node.exe',
1 verbose cli   'C:\\Program Files\\nodejs\\node_modules\\npm\\bin\\npm-cli.js',
1 verbose cli   'run',
1 verbose cli   'test' ]
2 info using npm@3.10.10
3 info using node@v6.11.2
4 verbose run-script [ 'pretest', 'test', 'posttest' ]
5 info lifecycle jkchksum@1.0.1~pretest: jkchksum@1.0.1
6 silly lifecycle jkchksum@1.0.1~pretest: no script for pretest, continuing
7 info lifecycle jkchksum@1.0.1~test: jkchksum@1.0.1
8 verbose lifecycle jkchksum@1.0.1~test: unsafe-perm in lifecycle true
9 verbose lifecycle jkchksum@1.0.1~test: PATH: C:\Program Files\nodejs\node_modules\npm\bin\node-gyp-bin;C:\Users\kmorfin\Documents\Node\apps\jkchksum\node_modules\.bin;C:\app\client\kmorfin\product\12.1.0\client_1\bin;C:\app\kmorfin\product\12.1.0\client_1;C:\Program Files (x86)\Intel\iCLS Client\;C:\Program Files\Intel\iCLS Client\;C:\Windows\system32;C:\Windows;C:\Windows\System32\Wbem;C:\Windows\System32\WindowsPowerShell\v1.0\;C:\Program Files\Intel\WiFi\bin\;C:\Program Files\Common Files\Intel\WirelessCommon\;C:\Program Files\Intel\Intel(R) Management Engine Components\DAL;C:\Program Files (x86)\Intel\Intel(R) Management Engine Components\DAL;C:\Program Files\Intel\Intel(R) Management Engine Components\IPT;C:\Program Files (x86)\Intel\Intel(R) Management Engine Components\IPT;C:\Program Files\TortoiseSVN\bin;C:\Program Files (x86)\Skype\Phone\;C:\Program Files\Java\jdk1.8.0_45\bin;C:\Program Files (x86)\MySQL\MySQL Fabric 1.5 & MySQL Utilities 1.5\;C:\Program Files (x86)\MySQL\MySQL Fabric 1.5 & MySQL Utilities 1.5\Doctrine extensions for PHP\;C:\Program Files\Microsoft SQL Server\120\Tools\Binn\;C:\Program Files (x86)\sbt\\bin;C:\Program Files\Microsoft SQL Server\110\Tools\Binn\;C:\Program Files (x86)\Microsoft SDKs\TypeScript\1.0\;C:\Users\kmorfin\Documents\composer;C:\app\kmorfin\product\instantclient_12_1;C:\Program Files\MySQL\MySQL Server 5.6\bin;C:\Program Files\RabbitMQ Server\rabbitmq_server-3.6.1\sbin;C:\Users\kmorfin\Documents\geckgodriver\ver_9.0;C:\Program Files\Microsoft\Web Platform Installer\;C:\Program Files (x86)\Internet Explorer\;C:\app\vijayj\product\11.2.0\client_1\BIN;C:\xampp\php;C:\app\vijayj\product\11.2.0\client_1;C:\app\vijayj\product\11.2.0\client_1\BIN;C:\php-7.1.3-nts-Win32-VC14-x86;C:\Program Files\Microsoft SQL Server\130\Tools\Binn\;C:\Program Files\dotnet\;C:\php-7.1.3-nts-Win32-VC14-x64;C:\Program Files (x86)\Windows Kits\10\Windows Performance Toolkit\;C:\Python27;C:\Python27\Scripts;C:\Gradle\gradle-2.14.1\bin;C:\Program Files\nodejs\;C:\Users\kmorfin\AppData\Local\atom\bin;C:\Program Files\Docker Toolbox;C:\Users\kmorfin\AppData\Roaming\npm
10 verbose lifecycle jkchksum@1.0.1~test: CWD: C:\Users\kmorfin\Documents\Node\apps\jkchksum
11 silly lifecycle jkchksum@1.0.1~test: Args: [ '/d /s /c',
11 silly lifecycle   'nyc mocha && nyc report --reporter=text-lcov | coveralls' ]
12 silly lifecycle jkchksum@1.0.1~test: Returned: code: 1  signal: null
13 info lifecycle jkchksum@1.0.1~test: Failed to exec test script
14 verbose stack Error: jkchksum@1.0.1 test: `nyc mocha && nyc report --reporter=text-lcov | coveralls`
14 verbose stack Exit status 1
14 verbose stack     at EventEmitter.<anonymous> (C:\Program Files\nodejs\node_modules\npm\lib\utils\lifecycle.js:255:16)
14 verbose stack     at emitTwo (events.js:106:13)
14 verbose stack     at EventEmitter.emit (events.js:191:7)
14 verbose stack     at ChildProcess.<anonymous> (C:\Program Files\nodejs\node_modules\npm\lib\utils\spawn.js:40:14)
14 verbose stack     at emitTwo (events.js:106:13)
14 verbose stack     at ChildProcess.emit (events.js:191:7)
14 verbose stack     at maybeClose (internal/child_process.js:891:16)
14 verbose stack     at Process.ChildProcess._handle.onexit (internal/child_process.js:226:5)
15 verbose pkgid jkchksum@1.0.1
16 verbose cwd C:\Users\kmorfin\Documents\Node\apps\jkchksum
17 error Windows_NT 6.1.7601
18 error argv "C:\\Program Files\\nodejs\\node.exe" "C:\\Program Files\\nodejs\\node_modules\\npm\\bin\\npm-cli.js" "run" "test"
19 error node v6.11.2
20 error npm  v3.10.10
21 error code ELIFECYCLE
22 error jkchksum@1.0.1 test: `nyc mocha && nyc report --reporter=text-lcov | coveralls`
22 error Exit status 1
23 error Failed at the jkchksum@1.0.1 test script 'nyc mocha && nyc report --reporter=text-lcov | coveralls'.
23 error Make sure you have the latest version of node.js and npm installed.
23 error If you do, this is most likely a problem with the jkchksum package,
23 error not with npm itself.
23 error Tell the author that this fails on your system:
23 error     nyc mocha && nyc report --reporter=text-lcov | coveralls
23 error You can get information on how to open an issue for this project with:
23 error     npm bugs jkchksum
23 error Or if that isn't available, you can get their info via:
23 error     npm owner ls jkchksum
23 error There is likely additional logging output above.
24 verbose exit [ 1, true ]
